2025-03-21T09:20:26,606 [JavaFX Application Thread] ERROR priv.koishi.pmc.Utils.UiUtils - java.lang.RuntimeException: java.lang.reflect.InvocationTargetException
java.lang.RuntimeException: java.lang.reflect.InvocationTargetException
	at javafx.fxml/javafx.fxml.FXMLLoader$MethodHandler.invoke(FXMLLoader.java:1858) ~[javafx-fxml-21.0.6-mac.jar:?]
	at javafx.fxml/javafx.fxml.FXMLLoader$ControllerMethodEventHandler.handle(FXMLLoader.java:1726) ~[javafx-fxml-21.0.6-mac.jar:?]
	at javafx.base/com.sun.javafx.event.CompositeEventHandler.dispatchBubblingEvent(CompositeEventHandler.java:86) ~[javafx-base-21.0.6-mac.jar:?]
	at javafx.base/com.sun.javafx.event.EventHandlerManager.dispatchBubblingEvent(EventHandlerManager.java:232) ~[javafx-base-21.0.6-mac.jar:?]
	at javafx.base/com.sun.javafx.event.EventHandlerManager.dispatchBubblingEvent(EventHandlerManager.java:189) ~[javafx-base-21.0.6-mac.jar:?]
	at javafx.base/com.sun.javafx.event.CompositeEventDispatcher.dispatchBubblingEvent(CompositeEventDispatcher.java:59) ~[javafx-base-21.0.6-mac.jar:?]
	at javafx.base/com.sun.javafx.event.BasicEventDispatcher.dispatchEvent(BasicEventDispatcher.java:58) ~[javafx-base-21.0.6-mac.jar:?]
	at javafx.base/com.sun.javafx.event.EventDispatchChainImpl.dispatchEvent(EventDispatchChainImpl.java:114) ~[javafx-base-21.0.6-mac.jar:?]
	at javafx.base/com.sun.javafx.event.BasicEventDispatcher.dispatchEvent(BasicEventDispatcher.java:56) ~[javafx-base-21.0.6-mac.jar:?]
	at javafx.base/com.sun.javafx.event.EventDispatchChainImpl.dispatchEvent(EventDispatchChainImpl.java:114) ~[javafx-base-21.0.6-mac.jar:?]
	at javafx.base/com.sun.javafx.event.BasicEventDispatcher.dispatchEvent(BasicEventDispatcher.java:56) ~[javafx-base-21.0.6-mac.jar:?]
	at javafx.base/com.sun.javafx.event.EventDispatchChainImpl.dispatchEvent(EventDispatchChainImpl.java:114) ~[javafx-base-21.0.6-mac.jar:?]
	at javafx.base/com.sun.javafx.event.BasicEventDispatcher.dispatchEvent(BasicEventDispatcher.java:56) ~[javafx-base-21.0.6-mac.jar:?]
	at javafx.base/com.sun.javafx.event.EventDispatchChainImpl.dispatchEvent(EventDispatchChainImpl.java:114) ~[javafx-base-21.0.6-mac.jar:?]
	at javafx.base/com.sun.javafx.event.BasicEventDispatcher.dispatchEvent(BasicEventDispatcher.java:56) ~[javafx-base-21.0.6-mac.jar:?]
	at javafx.base/com.sun.javafx.event.EventDispatchChainImpl.dispatchEvent(EventDispatchChainImpl.java:114) ~[javafx-base-21.0.6-mac.jar:?]
	at javafx.base/com.sun.javafx.event.BasicEventDispatcher.dispatchEvent(BasicEventDispatcher.java:56) ~[javafx-base-21.0.6-mac.jar:?]
	at javafx.base/com.sun.javafx.event.EventDispatchChainImpl.dispatchEvent(EventDispatchChainImpl.java:114) ~[javafx-base-21.0.6-mac.jar:?]
	at javafx.base/com.sun.javafx.event.EventUtil.fireEventImpl(EventUtil.java:74) ~[javafx-base-21.0.6-mac.jar:?]
	at javafx.base/com.sun.javafx.event.EventUtil.fireEvent(EventUtil.java:49) ~[javafx-base-21.0.6-mac.jar:?]
	at javafx.base/javafx.event.Event.fireEvent(Event.java:198) ~[javafx-base-21.0.6-mac.jar:?]
	at javafx.graphics/javafx.scene.Node.fireEvent(Node.java:8875) ~[javafx-graphics-21.0.6-mac.jar:?]
	at javafx.controls/javafx.scene.control.Button.fire(Button.java:203) ~[javafx-controls-21.0.6-mac.jar:?]
	at javafx.controls/com.sun.javafx.scene.control.behavior.ButtonBehavior.mouseReleased(ButtonBehavior.java:207) ~[javafx-controls-21.0.6-mac.jar:?]
	at javafx.controls/com.sun.javafx.scene.control.inputmap.InputMap.handle(InputMap.java:274) ~[javafx-controls-21.0.6-mac.jar:?]
	at javafx.base/com.sun.javafx.event.CompositeEventHandler$NormalEventHandlerRecord.handleBubblingEvent(CompositeEventHandler.java:247) ~[javafx-base-21.0.6-mac.jar:?]
	at javafx.base/com.sun.javafx.event.CompositeEventHandler.dispatchBubblingEvent(CompositeEventHandler.java:80) ~[javafx-base-21.0.6-mac.jar:?]
	at javafx.base/com.sun.javafx.event.EventHandlerManager.dispatchBubblingEvent(EventHandlerManager.java:232) ~[javafx-base-21.0.6-mac.jar:?]
	at javafx.base/com.sun.javafx.event.EventHandlerManager.dispatchBubblingEvent(EventHandlerManager.java:189) ~[javafx-base-21.0.6-mac.jar:?]
	at javafx.base/com.sun.javafx.event.CompositeEventDispatcher.dispatchBubblingEvent(CompositeEventDispatcher.java:59) ~[javafx-base-21.0.6-mac.jar:?]
	at javafx.base/com.sun.javafx.event.BasicEventDispatcher.dispatchEvent(BasicEventDispatcher.java:58) ~[javafx-base-21.0.6-mac.jar:?]
	at javafx.base/com.sun.javafx.event.EventDispatchChainImpl.dispatchEvent(EventDispatchChainImpl.java:114) ~[javafx-base-21.0.6-mac.jar:?]
	at javafx.base/com.sun.javafx.event.BasicEventDispatcher.dispatchEvent(BasicEventDispatcher.java:56) ~[javafx-base-21.0.6-mac.jar:?]
	at javafx.base/com.sun.javafx.event.EventDispatchChainImpl.dispatchEvent(EventDispatchChainImpl.java:114) ~[javafx-base-21.0.6-mac.jar:?]
	at javafx.base/com.sun.javafx.event.BasicEventDispatcher.dispatchEvent(BasicEventDispatcher.java:56) ~[javafx-base-21.0.6-mac.jar:?]
	at javafx.base/com.sun.javafx.event.EventDispatchChainImpl.dispatchEvent(EventDispatchChainImpl.java:114) ~[javafx-base-21.0.6-mac.jar:?]
	at javafx.base/com.sun.javafx.event.BasicEventDispatcher.dispatchEvent(BasicEventDispatcher.java:56) ~[javafx-base-21.0.6-mac.jar:?]
	at javafx.base/com.sun.javafx.event.EventDispatchChainImpl.dispatchEvent(EventDispatchChainImpl.java:114) ~[javafx-base-21.0.6-mac.jar:?]
	at javafx.base/com.sun.javafx.event.BasicEventDispatcher.dispatchEvent(BasicEventDispatcher.java:56) ~[javafx-base-21.0.6-mac.jar:?]
	at javafx.base/com.sun.javafx.event.EventDispatchChainImpl.dispatchEvent(EventDispatchChainImpl.java:114) ~[javafx-base-21.0.6-mac.jar:?]
	at javafx.base/com.sun.javafx.event.BasicEventDispatcher.dispatchEvent(BasicEventDispatcher.java:56) ~[javafx-base-21.0.6-mac.jar:?]
	at javafx.base/com.sun.javafx.event.EventDispatchChainImpl.dispatchEvent(EventDispatchChainImpl.java:114) ~[javafx-base-21.0.6-mac.jar:?]
	at javafx.base/com.sun.javafx.event.EventUtil.fireEventImpl(EventUtil.java:74) ~[javafx-base-21.0.6-mac.jar:?]
	at javafx.base/com.sun.javafx.event.EventUtil.fireEvent(EventUtil.java:54) ~[javafx-base-21.0.6-mac.jar:?]
	at javafx.base/javafx.event.Event.fireEvent(Event.java:198) ~[javafx-base-21.0.6-mac.jar:?]
	at javafx.graphics/javafx.scene.Scene$MouseHandler.process(Scene.java:3984) ~[javafx-graphics-21.0.6-mac.jar:?]
	at javafx.graphics/javafx.scene.Scene.processMouseEvent(Scene.java:1890) ~[javafx-graphics-21.0.6-mac.jar:?]
	at javafx.graphics/javafx.scene.Scene$ScenePeerListener.mouseEvent(Scene.java:2708) ~[javafx-graphics-21.0.6-mac.jar:?]
	at javafx.graphics/com.sun.javafx.tk.quantum.GlassViewEventHandler$MouseEventNotification.run(GlassViewEventHandler.java:411) ~[javafx-graphics-21.0.6-mac.jar:?]
	at javafx.graphics/com.sun.javafx.tk.quantum.GlassViewEventHandler$MouseEventNotification.run(GlassViewEventHandler.java:301) ~[javafx-graphics-21.0.6-mac.jar:?]
	at java.base/java.security.AccessController.doPrivileged(AccessController.java:400) ~[?:?]
	at javafx.graphics/com.sun.javafx.tk.quantum.GlassViewEventHandler.lambda$handleMouseEvent$2(GlassViewEventHandler.java:450) ~[javafx-graphics-21.0.6-mac.jar:?]
	at javafx.graphics/com.sun.javafx.tk.quantum.QuantumToolkit.runWithoutRenderLock(QuantumToolkit.java:424) ~[javafx-graphics-21.0.6-mac.jar:?]
	at javafx.graphics/com.sun.javafx.tk.quantum.GlassViewEventHandler.handleMouseEvent(GlassViewEventHandler.java:449) ~[javafx-graphics-21.0.6-mac.jar:?]
	at javafx.graphics/com.sun.glass.ui.View.handleMouseEvent(View.java:551) ~[javafx-graphics-21.0.6-mac.jar:?]
	at javafx.graphics/com.sun.glass.ui.View.notifyMouse(View.java:937) ~[javafx-graphics-21.0.6-mac.jar:?]
	at javafx.graphics/com.sun.glass.ui.mac.MacView.notifyMouse(MacView.java:127) ~[javafx-graphics-21.0.6-mac.jar:?]
Caused by: java.lang.reflect.InvocationTargetException
	at java.base/jdk.internal.reflect.DirectMethodHandleAccessor.invoke(DirectMethodHandleAccessor.java:118) ~[?:?]
	at java.base/java.lang.reflect.Method.invoke(Method.java:580) ~[?:?]
	at com.sun.javafx.reflect.Trampoline.invoke(MethodUtil.java:72) ~[javafx-base-21.0.6-mac.jar:?]
	at java.base/jdk.internal.reflect.DirectMethodHandleAccessor.invoke(DirectMethodHandleAccessor.java:103) ~[?:?]
	at java.base/java.lang.reflect.Method.invoke(Method.java:580) ~[?:?]
	at javafx.base/com.sun.javafx.reflect.MethodUtil.invoke(MethodUtil.java:270) ~[javafx-base-21.0.6-mac.jar:?]
	at javafx.fxml/com.sun.javafx.fxml.MethodHelper.invoke(MethodHelper.java:84) ~[javafx-fxml-21.0.6-mac.jar:?]
	at javafx.fxml/javafx.fxml.FXMLLoader$MethodHandler.invoke(FXMLLoader.java:1855) ~[javafx-fxml-21.0.6-mac.jar:?]
	... 56 more
Caused by: java.lang.RuntimeException: 请先选择图片
	at priv.koishi.pmc@1.2.0/priv.koishi.pmc.Controller.AutoClickController.imgTest(AutoClickController.java:1327) ~[classes/:?]
	at java.base/jdk.internal.reflect.DirectMethodHandleAccessor.invoke(DirectMethodHandleAccessor.java:103) ~[?:?]
	at java.base/java.lang.reflect.Method.invoke(Method.java:580) ~[?:?]
	at com.sun.javafx.reflect.Trampoline.invoke(MethodUtil.java:72) ~[javafx-base-21.0.6-mac.jar:?]
	at java.base/jdk.internal.reflect.DirectMethodHandleAccessor.invoke(DirectMethodHandleAccessor.java:103) ~[?:?]
	at java.base/java.lang.reflect.Method.invoke(Method.java:580) ~[?:?]
	at javafx.base/com.sun.javafx.reflect.MethodUtil.invoke(MethodUtil.java:270) ~[javafx-base-21.0.6-mac.jar:?]
	at javafx.fxml/com.sun.javafx.fxml.MethodHelper.invoke(MethodHelper.java:84) ~[javafx-fxml-21.0.6-mac.jar:?]
	at javafx.fxml/javafx.fxml.FXMLLoader$MethodHandler.invoke(FXMLLoader.java:1855) ~[javafx-fxml-21.0.6-mac.jar:?]
	... 56 more
2025-03-21T10:43:37,481 [JavaFX Application Thread] ERROR priv.koishi.pmc.Utils.UiUtils - java.lang.NullPointerException: Cannot invoke "javafx.scene.Scene.addEventFilter(javafx.event.EventType, javafx.event.EventHandler)" because "scene" is null
java.lang.NullPointerException: Cannot invoke "javafx.scene.Scene.addEventFilter(javafx.event.EventType, javafx.event.EventHandler)" because "scene" is null
	at priv.koishi.pmc@1.2.0/priv.koishi.pmc.Utils.UiUtils.buildMessageBubble(UiUtils.java:1009) ~[classes/:?]
	at priv.koishi.pmc@1.2.0/priv.koishi.pmc.Utils.UiUtils.copyText(UiUtils.java:984) ~[classes/:?]
	at priv.koishi.pmc@1.2.0/priv.koishi.pmc.Utils.UiUtils.lambda$setPathLabelContextMenu$32(UiUtils.java:939) ~[classes/:?]
	at javafx.base/com.sun.javafx.event.CompositeEventHandler.dispatchBubblingEvent(CompositeEventHandler.java:86) ~[javafx-base-21.0.6-mac.jar:?]
	at javafx.base/com.sun.javafx.event.EventHandlerManager.dispatchBubblingEvent(EventHandlerManager.java:232) ~[javafx-base-21.0.6-mac.jar:?]
	at javafx.base/com.sun.javafx.event.EventHandlerManager.dispatchBubblingEvent(EventHandlerManager.java:189) ~[javafx-base-21.0.6-mac.jar:?]
	at javafx.base/com.sun.javafx.event.BasicEventDispatcher.dispatchEvent(BasicEventDispatcher.java:58) ~[javafx-base-21.0.6-mac.jar:?]
	at javafx.base/com.sun.javafx.event.EventDispatchChainImpl.dispatchEvent(EventDispatchChainImpl.java:114) ~[javafx-base-21.0.6-mac.jar:?]
	at javafx.base/com.sun.javafx.event.EventUtil.fireEventImpl(EventUtil.java:74) ~[javafx-base-21.0.6-mac.jar:?]
	at javafx.base/com.sun.javafx.event.EventUtil.fireEvent(EventUtil.java:49) ~[javafx-base-21.0.6-mac.jar:?]
	at javafx.base/javafx.event.Event.fireEvent(Event.java:198) ~[javafx-base-21.0.6-mac.jar:?]
	at javafx.controls/javafx.scene.control.MenuItem.fire(MenuItem.java:459) ~[javafx-controls-21.0.6-mac.jar:?]
	at javafx.controls/com.sun.javafx.scene.control.ContextMenuContent$MenuItemContainer.doSelect(ContextMenuContent.java:1415) ~[javafx-controls-21.0.6-mac.jar:?]
	at javafx.controls/com.sun.javafx.scene.control.ContextMenuContent$MenuItemContainer.lambda$createChildren$12(ContextMenuContent.java:1368) ~[javafx-controls-21.0.6-mac.jar:?]
	at javafx.base/com.sun.javafx.event.CompositeEventHandler$NormalEventHandlerRecord.handleBubblingEvent(CompositeEventHandler.java:247) ~[javafx-base-21.0.6-mac.jar:?]
	at javafx.base/com.sun.javafx.event.CompositeEventHandler.dispatchBubblingEvent(CompositeEventHandler.java:80) ~[javafx-base-21.0.6-mac.jar:?]
	at javafx.base/com.sun.javafx.event.EventHandlerManager.dispatchBubblingEvent(EventHandlerManager.java:232) ~[javafx-base-21.0.6-mac.jar:?]
	at javafx.base/com.sun.javafx.event.EventHandlerManager.dispatchBubblingEvent(EventHandlerManager.java:189) ~[javafx-base-21.0.6-mac.jar:?]
	at javafx.base/com.sun.javafx.event.CompositeEventDispatcher.dispatchBubblingEvent(CompositeEventDispatcher.java:59) ~[javafx-base-21.0.6-mac.jar:?]
	at javafx.base/com.sun.javafx.event.BasicEventDispatcher.dispatchEvent(BasicEventDispatcher.java:58) ~[javafx-base-21.0.6-mac.jar:?]
	at javafx.base/com.sun.javafx.event.EventDispatchChainImpl.dispatchEvent(EventDispatchChainImpl.java:114) ~[javafx-base-21.0.6-mac.jar:?]
	at javafx.base/com.sun.javafx.event.BasicEventDispatcher.dispatchEvent(BasicEventDispatcher.java:56) ~[javafx-base-21.0.6-mac.jar:?]
	at javafx.base/com.sun.javafx.event.EventDispatchChainImpl.dispatchEvent(EventDispatchChainImpl.java:114) ~[javafx-base-21.0.6-mac.jar:?]
	at javafx.base/com.sun.javafx.event.BasicEventDispatcher.dispatchEvent(BasicEventDispatcher.java:56) ~[javafx-base-21.0.6-mac.jar:?]
	at javafx.base/com.sun.javafx.event.EventDispatchChainImpl.dispatchEvent(EventDispatchChainImpl.java:114) ~[javafx-base-21.0.6-mac.jar:?]
	at javafx.base/com.sun.javafx.event.BasicEventDispatcher.dispatchEvent(BasicEventDispatcher.java:56) ~[javafx-base-21.0.6-mac.jar:?]
	at javafx.base/com.sun.javafx.event.EventDispatchChainImpl.dispatchEvent(EventDispatchChainImpl.java:114) ~[javafx-base-21.0.6-mac.jar:?]
	at javafx.base/com.sun.javafx.event.EventUtil.fireEventImpl(EventUtil.java:74) ~[javafx-base-21.0.6-mac.jar:?]
	at javafx.base/com.sun.javafx.event.EventUtil.fireEvent(EventUtil.java:54) ~[javafx-base-21.0.6-mac.jar:?]
	at javafx.base/javafx.event.Event.fireEvent(Event.java:198) ~[javafx-base-21.0.6-mac.jar:?]
	at javafx.graphics/javafx.scene.Scene$MouseHandler.process(Scene.java:3984) ~[javafx-graphics-21.0.6-mac.jar:?]
	at javafx.graphics/javafx.scene.Scene.processMouseEvent(Scene.java:1890) ~[javafx-graphics-21.0.6-mac.jar:?]
	at javafx.graphics/javafx.scene.Scene$ScenePeerListener.mouseEvent(Scene.java:2708) ~[javafx-graphics-21.0.6-mac.jar:?]
	at javafx.graphics/com.sun.javafx.tk.quantum.GlassViewEventHandler$MouseEventNotification.run(GlassViewEventHandler.java:411) ~[javafx-graphics-21.0.6-mac.jar:?]
	at javafx.graphics/com.sun.javafx.tk.quantum.GlassViewEventHandler$MouseEventNotification.run(GlassViewEventHandler.java:301) ~[javafx-graphics-21.0.6-mac.jar:?]
	at java.base/java.security.AccessController.doPrivileged(AccessController.java:400) ~[?:?]
	at javafx.graphics/com.sun.javafx.tk.quantum.GlassViewEventHandler.lambda$handleMouseEvent$2(GlassViewEventHandler.java:450) ~[javafx-graphics-21.0.6-mac.jar:?]
	at javafx.graphics/com.sun.javafx.tk.quantum.QuantumToolkit.runWithoutRenderLock(QuantumToolkit.java:424) ~[javafx-graphics-21.0.6-mac.jar:?]
	at javafx.graphics/com.sun.javafx.tk.quantum.GlassViewEventHandler.handleMouseEvent(GlassViewEventHandler.java:449) ~[javafx-graphics-21.0.6-mac.jar:?]
	at javafx.graphics/com.sun.glass.ui.View.handleMouseEvent(View.java:551) ~[javafx-graphics-21.0.6-mac.jar:?]
	at javafx.graphics/com.sun.glass.ui.View.notifyMouse(View.java:937) ~[javafx-graphics-21.0.6-mac.jar:?]
	at javafx.graphics/com.sun.glass.ui.mac.MacView.notifyMouse(MacView.java:127) ~[javafx-graphics-21.0.6-mac.jar:?]
2025-03-21T13:29:00,726 [JavaFX Application Thread] ERROR priv.koishi.pmc.Utils.UiUtils - java.lang.RuntimeException: java.lang.reflect.InvocationTargetException
java.lang.RuntimeException: java.lang.reflect.InvocationTargetException
	at javafx.fxml/javafx.fxml.FXMLLoader$MethodHandler.invoke(FXMLLoader.java:1858) ~[javafx-fxml-21.0.6-mac.jar:?]
	at javafx.fxml/javafx.fxml.FXMLLoader$ControllerMethodEventHandler.handle(FXMLLoader.java:1726) ~[javafx-fxml-21.0.6-mac.jar:?]
	at javafx.base/com.sun.javafx.event.CompositeEventHandler.dispatchBubblingEvent(CompositeEventHandler.java:86) ~[javafx-base-21.0.6-mac.jar:?]
	at javafx.base/com.sun.javafx.event.EventHandlerManager.dispatchBubblingEvent(EventHandlerManager.java:232) ~[javafx-base-21.0.6-mac.jar:?]
	at javafx.base/com.sun.javafx.event.EventHandlerManager.dispatchBubblingEvent(EventHandlerManager.java:189) ~[javafx-base-21.0.6-mac.jar:?]
	at javafx.base/com.sun.javafx.event.CompositeEventDispatcher.dispatchBubblingEvent(CompositeEventDispatcher.java:59) ~[javafx-base-21.0.6-mac.jar:?]
	at javafx.base/com.sun.javafx.event.BasicEventDispatcher.dispatchEvent(BasicEventDispatcher.java:58) ~[javafx-base-21.0.6-mac.jar:?]
	at javafx.base/com.sun.javafx.event.EventDispatchChainImpl.dispatchEvent(EventDispatchChainImpl.java:114) ~[javafx-base-21.0.6-mac.jar:?]
	at javafx.base/com.sun.javafx.event.BasicEventDispatcher.dispatchEvent(BasicEventDispatcher.java:56) ~[javafx-base-21.0.6-mac.jar:?]
	at javafx.base/com.sun.javafx.event.EventDispatchChainImpl.dispatchEvent(EventDispatchChainImpl.java:114) ~[javafx-base-21.0.6-mac.jar:?]
	at javafx.base/com.sun.javafx.event.BasicEventDispatcher.dispatchEvent(BasicEventDispatcher.java:56) ~[javafx-base-21.0.6-mac.jar:?]
	at javafx.base/com.sun.javafx.event.EventDispatchChainImpl.dispatchEvent(EventDispatchChainImpl.java:114) ~[javafx-base-21.0.6-mac.jar:?]
	at javafx.base/com.sun.javafx.event.EventUtil.fireEventImpl(EventUtil.java:74) ~[javafx-base-21.0.6-mac.jar:?]
	at javafx.base/com.sun.javafx.event.EventUtil.fireEvent(EventUtil.java:49) ~[javafx-base-21.0.6-mac.jar:?]
	at javafx.base/javafx.event.Event.fireEvent(Event.java:198) ~[javafx-base-21.0.6-mac.jar:?]
	at javafx.graphics/javafx.scene.Node.fireEvent(Node.java:8875) ~[javafx-graphics-21.0.6-mac.jar:?]
	at javafx.controls/javafx.scene.control.Button.fire(Button.java:203) ~[javafx-controls-21.0.6-mac.jar:?]
	at javafx.controls/com.sun.javafx.scene.control.behavior.ButtonBehavior.mouseReleased(ButtonBehavior.java:207) ~[javafx-controls-21.0.6-mac.jar:?]
	at javafx.controls/com.sun.javafx.scene.control.inputmap.InputMap.handle(InputMap.java:274) ~[javafx-controls-21.0.6-mac.jar:?]
	at javafx.base/com.sun.javafx.event.CompositeEventHandler$NormalEventHandlerRecord.handleBubblingEvent(CompositeEventHandler.java:247) ~[javafx-base-21.0.6-mac.jar:?]
	at javafx.base/com.sun.javafx.event.CompositeEventHandler.dispatchBubblingEvent(CompositeEventHandler.java:80) ~[javafx-base-21.0.6-mac.jar:?]
	at javafx.base/com.sun.javafx.event.EventHandlerManager.dispatchBubblingEvent(EventHandlerManager.java:232) ~[javafx-base-21.0.6-mac.jar:?]
	at javafx.base/com.sun.javafx.event.EventHandlerManager.dispatchBubblingEvent(EventHandlerManager.java:189) ~[javafx-base-21.0.6-mac.jar:?]
	at javafx.base/com.sun.javafx.event.CompositeEventDispatcher.dispatchBubblingEvent(CompositeEventDispatcher.java:59) ~[javafx-base-21.0.6-mac.jar:?]
	at javafx.base/com.sun.javafx.event.BasicEventDispatcher.dispatchEvent(BasicEventDispatcher.java:58) ~[javafx-base-21.0.6-mac.jar:?]
	at javafx.base/com.sun.javafx.event.EventDispatchChainImpl.dispatchEvent(EventDispatchChainImpl.java:114) ~[javafx-base-21.0.6-mac.jar:?]
	at javafx.base/com.sun.javafx.event.BasicEventDispatcher.dispatchEvent(BasicEventDispatcher.java:56) ~[javafx-base-21.0.6-mac.jar:?]
	at javafx.base/com.sun.javafx.event.EventDispatchChainImpl.dispatchEvent(EventDispatchChainImpl.java:114) ~[javafx-base-21.0.6-mac.jar:?]
	at javafx.base/com.sun.javafx.event.BasicEventDispatcher.dispatchEvent(BasicEventDispatcher.java:56) ~[javafx-base-21.0.6-mac.jar:?]
	at javafx.base/com.sun.javafx.event.EventDispatchChainImpl.dispatchEvent(EventDispatchChainImpl.java:114) ~[javafx-base-21.0.6-mac.jar:?]
	at javafx.base/com.sun.javafx.event.EventUtil.fireEventImpl(EventUtil.java:74) ~[javafx-base-21.0.6-mac.jar:?]
	at javafx.base/com.sun.javafx.event.EventUtil.fireEvent(EventUtil.java:54) ~[javafx-base-21.0.6-mac.jar:?]
	at javafx.base/javafx.event.Event.fireEvent(Event.java:198) ~[javafx-base-21.0.6-mac.jar:?]
	at javafx.graphics/javafx.scene.Scene$MouseHandler.process(Scene.java:3984) ~[javafx-graphics-21.0.6-mac.jar:?]
	at javafx.graphics/javafx.scene.Scene.processMouseEvent(Scene.java:1890) ~[javafx-graphics-21.0.6-mac.jar:?]
	at javafx.graphics/javafx.scene.Scene$ScenePeerListener.mouseEvent(Scene.java:2708) ~[javafx-graphics-21.0.6-mac.jar:?]
	at javafx.graphics/com.sun.javafx.tk.quantum.GlassViewEventHandler$MouseEventNotification.run(GlassViewEventHandler.java:411) ~[javafx-graphics-21.0.6-mac.jar:?]
	at javafx.graphics/com.sun.javafx.tk.quantum.GlassViewEventHandler$MouseEventNotification.run(GlassViewEventHandler.java:301) ~[javafx-graphics-21.0.6-mac.jar:?]
	at java.base/java.security.AccessController.doPrivileged(AccessController.java:400) ~[?:?]
	at javafx.graphics/com.sun.javafx.tk.quantum.GlassViewEventHandler.lambda$handleMouseEvent$2(GlassViewEventHandler.java:450) ~[javafx-graphics-21.0.6-mac.jar:?]
	at javafx.graphics/com.sun.javafx.tk.quantum.QuantumToolkit.runWithoutRenderLock(QuantumToolkit.java:424) ~[javafx-graphics-21.0.6-mac.jar:?]
	at javafx.graphics/com.sun.javafx.tk.quantum.GlassViewEventHandler.handleMouseEvent(GlassViewEventHandler.java:449) ~[javafx-graphics-21.0.6-mac.jar:?]
	at javafx.graphics/com.sun.glass.ui.View.handleMouseEvent(View.java:551) ~[javafx-graphics-21.0.6-mac.jar:?]
	at javafx.graphics/com.sun.glass.ui.View.notifyMouse(View.java:937) ~[javafx-graphics-21.0.6-mac.jar:?]
	at javafx.graphics/com.sun.glass.ui.mac.MacView.notifyMouse(MacView.java:127) ~[javafx-graphics-21.0.6-mac.jar:?]
Caused by: java.lang.reflect.InvocationTargetException
	at java.base/jdk.internal.reflect.DirectMethodHandleAccessor.invoke(DirectMethodHandleAccessor.java:118) ~[?:?]
	at java.base/java.lang.reflect.Method.invoke(Method.java:580) ~[?:?]
	at com.sun.javafx.reflect.Trampoline.invoke(MethodUtil.java:72) ~[javafx-base-21.0.6-mac.jar:?]
	at java.base/jdk.internal.reflect.DirectMethodHandleAccessor.invoke(DirectMethodHandleAccessor.java:103) ~[?:?]
	at java.base/java.lang.reflect.Method.invoke(Method.java:580) ~[?:?]
	at javafx.base/com.sun.javafx.reflect.MethodUtil.invoke(MethodUtil.java:270) ~[javafx-base-21.0.6-mac.jar:?]
	at javafx.fxml/com.sun.javafx.fxml.MethodHelper.invoke(MethodHelper.java:84) ~[javafx-fxml-21.0.6-mac.jar:?]
	at javafx.fxml/javafx.fxml.FXMLLoader$MethodHandler.invoke(FXMLLoader.java:1853) ~[javafx-fxml-21.0.6-mac.jar:?]
	... 44 more
Caused by: java.lang.IllegalArgumentException: Invalid URL: Invalid URL or resource not found
	at javafx.graphics/javafx.scene.image.Image.validateUrl(Image.java:1133) ~[javafx-graphics-21.0.6-mac.jar:?]
	at javafx.graphics/javafx.scene.image.Image.<init>(Image.java:627) ~[javafx-graphics-21.0.6-mac.jar:?]
	at priv.koishi.pmc@1.2.0/priv.koishi.pmc.Controller.DetailController.addImgPath(DetailController.java:204) ~[classes/:?]
	at java.base/jdk.internal.reflect.DirectMethodHandleAccessor.invoke(DirectMethodHandleAccessor.java:103) ~[?:?]
	at java.base/java.lang.reflect.Method.invoke(Method.java:580) ~[?:?]
	at com.sun.javafx.reflect.Trampoline.invoke(MethodUtil.java:72) ~[javafx-base-21.0.6-mac.jar:?]
	at java.base/jdk.internal.reflect.DirectMethodHandleAccessor.invoke(DirectMethodHandleAccessor.java:103) ~[?:?]
	at java.base/java.lang.reflect.Method.invoke(Method.java:580) ~[?:?]
	at javafx.base/com.sun.javafx.reflect.MethodUtil.invoke(MethodUtil.java:270) ~[javafx-base-21.0.6-mac.jar:?]
	at javafx.fxml/com.sun.javafx.fxml.MethodHelper.invoke(MethodHelper.java:84) ~[javafx-fxml-21.0.6-mac.jar:?]
	at javafx.fxml/javafx.fxml.FXMLLoader$MethodHandler.invoke(FXMLLoader.java:1853) ~[javafx-fxml-21.0.6-mac.jar:?]
	... 44 more
Caused by: java.lang.IllegalArgumentException: Invalid URL or resource not found
	at javafx.graphics/javafx.scene.image.Image.validateUrl(Image.java:1122) ~[javafx-graphics-21.0.6-mac.jar:?]
	at javafx.graphics/javafx.scene.image.Image.<init>(Image.java:627) ~[javafx-graphics-21.0.6-mac.jar:?]
	at priv.koishi.pmc@1.2.0/priv.koishi.pmc.Controller.DetailController.addImgPath(DetailController.java:204) ~[classes/:?]
	at java.base/jdk.internal.reflect.DirectMethodHandleAccessor.invoke(DirectMethodHandleAccessor.java:103) ~[?:?]
	at java.base/java.lang.reflect.Method.invoke(Method.java:580) ~[?:?]
	at com.sun.javafx.reflect.Trampoline.invoke(MethodUtil.java:72) ~[javafx-base-21.0.6-mac.jar:?]
	at java.base/jdk.internal.reflect.DirectMethodHandleAccessor.invoke(DirectMethodHandleAccessor.java:103) ~[?:?]
	at java.base/java.lang.reflect.Method.invoke(Method.java:580) ~[?:?]
	at javafx.base/com.sun.javafx.reflect.MethodUtil.invoke(MethodUtil.java:270) ~[javafx-base-21.0.6-mac.jar:?]
	at javafx.fxml/com.sun.javafx.fxml.MethodHelper.invoke(MethodHelper.java:84) ~[javafx-fxml-21.0.6-mac.jar:?]
	at javafx.fxml/javafx.fxml.FXMLLoader$MethodHandler.invoke(FXMLLoader.java:1853) ~[javafx-fxml-21.0.6-mac.jar:?]
	... 44 more
2025-03-21T14:13:06,203 [JavaFX Application Thread] ERROR priv.koishi.pmc.Utils.UiUtils - java.lang.IllegalArgumentException: Invalid URL: Invalid URL or resource not found
java.lang.IllegalArgumentException: Invalid URL: Invalid URL or resource not found
	at javafx.graphics/javafx.scene.image.Image.validateUrl(Image.java:1133) ~[javafx-graphics-21.0.6-mac.jar:?]
	at javafx.graphics/javafx.scene.image.Image.<init>(Image.java:627) ~[javafx-graphics-21.0.6-mac.jar:?]
	at priv.koishi.pmc@1.2.0/priv.koishi.pmc.Controller.DetailController.initData(DetailController.java:101) ~[classes/:?]
	at priv.koishi.pmc@1.2.0/priv.koishi.pmc.Controller.AutoClickController.showDetail(AutoClickController.java:425) ~[classes/:?]
	at priv.koishi.pmc@1.2.0/priv.koishi.pmc.Controller.AutoClickController.lambda$buildDetailMenuItem$12(AutoClickController.java:694) ~[classes/:?]
	at javafx.base/com.sun.javafx.event.CompositeEventHandler.dispatchBubblingEvent(CompositeEventHandler.java:86) ~[javafx-base-21.0.6-mac.jar:?]
	at javafx.base/com.sun.javafx.event.EventHandlerManager.dispatchBubblingEvent(EventHandlerManager.java:232) ~[javafx-base-21.0.6-mac.jar:?]
	at javafx.base/com.sun.javafx.event.EventHandlerManager.dispatchBubblingEvent(EventHandlerManager.java:189) ~[javafx-base-21.0.6-mac.jar:?]
	at javafx.base/com.sun.javafx.event.BasicEventDispatcher.dispatchEvent(BasicEventDispatcher.java:58) ~[javafx-base-21.0.6-mac.jar:?]
	at javafx.base/com.sun.javafx.event.EventDispatchChainImpl.dispatchEvent(EventDispatchChainImpl.java:114) ~[javafx-base-21.0.6-mac.jar:?]
	at javafx.base/com.sun.javafx.event.EventUtil.fireEventImpl(EventUtil.java:74) ~[javafx-base-21.0.6-mac.jar:?]
	at javafx.base/com.sun.javafx.event.EventUtil.fireEvent(EventUtil.java:49) ~[javafx-base-21.0.6-mac.jar:?]
	at javafx.base/javafx.event.Event.fireEvent(Event.java:198) ~[javafx-base-21.0.6-mac.jar:?]
	at javafx.controls/javafx.scene.control.MenuItem.fire(MenuItem.java:459) ~[javafx-controls-21.0.6-mac.jar:?]
	at javafx.controls/com.sun.javafx.scene.control.ContextMenuContent$MenuItemContainer.doSelect(ContextMenuContent.java:1415) ~[javafx-controls-21.0.6-mac.jar:?]
	at javafx.controls/com.sun.javafx.scene.control.ContextMenuContent$MenuItemContainer.lambda$createChildren$12(ContextMenuContent.java:1368) ~[javafx-controls-21.0.6-mac.jar:?]
	at javafx.base/com.sun.javafx.event.CompositeEventHandler$NormalEventHandlerRecord.handleBubblingEvent(CompositeEventHandler.java:247) ~[javafx-base-21.0.6-mac.jar:?]
	at javafx.base/com.sun.javafx.event.CompositeEventHandler.dispatchBubblingEvent(CompositeEventHandler.java:80) ~[javafx-base-21.0.6-mac.jar:?]
	at javafx.base/com.sun.javafx.event.EventHandlerManager.dispatchBubblingEvent(EventHandlerManager.java:232) ~[javafx-base-21.0.6-mac.jar:?]
	at javafx.base/com.sun.javafx.event.EventHandlerManager.dispatchBubblingEvent(EventHandlerManager.java:189) ~[javafx-base-21.0.6-mac.jar:?]
	at javafx.base/com.sun.javafx.event.CompositeEventDispatcher.dispatchBubblingEvent(CompositeEventDispatcher.java:59) ~[javafx-base-21.0.6-mac.jar:?]
	at javafx.base/com.sun.javafx.event.BasicEventDispatcher.dispatchEvent(BasicEventDispatcher.java:58) ~[javafx-base-21.0.6-mac.jar:?]
	at javafx.base/com.sun.javafx.event.EventDispatchChainImpl.dispatchEvent(EventDispatchChainImpl.java:114) ~[javafx-base-21.0.6-mac.jar:?]
	at javafx.base/com.sun.javafx.event.BasicEventDispatcher.dispatchEvent(BasicEventDispatcher.java:56) ~[javafx-base-21.0.6-mac.jar:?]
	at javafx.base/com.sun.javafx.event.EventDispatchChainImpl.dispatchEvent(EventDispatchChainImpl.java:114) ~[javafx-base-21.0.6-mac.jar:?]
	at javafx.base/com.sun.javafx.event.BasicEventDispatcher.dispatchEvent(BasicEventDispatcher.java:56) ~[javafx-base-21.0.6-mac.jar:?]
	at javafx.base/com.sun.javafx.event.EventDispatchChainImpl.dispatchEvent(EventDispatchChainImpl.java:114) ~[javafx-base-21.0.6-mac.jar:?]
	at javafx.base/com.sun.javafx.event.BasicEventDispatcher.dispatchEvent(BasicEventDispatcher.java:56) ~[javafx-base-21.0.6-mac.jar:?]
	at javafx.base/com.sun.javafx.event.EventDispatchChainImpl.dispatchEvent(EventDispatchChainImpl.java:114) ~[javafx-base-21.0.6-mac.jar:?]
	at javafx.base/com.sun.javafx.event.EventUtil.fireEventImpl(EventUtil.java:74) ~[javafx-base-21.0.6-mac.jar:?]
	at javafx.base/com.sun.javafx.event.EventUtil.fireEvent(EventUtil.java:54) ~[javafx-base-21.0.6-mac.jar:?]
	at javafx.base/javafx.event.Event.fireEvent(Event.java:198) ~[javafx-base-21.0.6-mac.jar:?]
	at javafx.graphics/javafx.scene.Scene$MouseHandler.process(Scene.java:3984) ~[javafx-graphics-21.0.6-mac.jar:?]
	at javafx.graphics/javafx.scene.Scene.processMouseEvent(Scene.java:1890) ~[javafx-graphics-21.0.6-mac.jar:?]
	at javafx.graphics/javafx.scene.Scene$ScenePeerListener.mouseEvent(Scene.java:2708) ~[javafx-graphics-21.0.6-mac.jar:?]
	at javafx.graphics/com.sun.javafx.tk.quantum.GlassViewEventHandler$MouseEventNotification.run(GlassViewEventHandler.java:411) ~[javafx-graphics-21.0.6-mac.jar:?]
	at javafx.graphics/com.sun.javafx.tk.quantum.GlassViewEventHandler$MouseEventNotification.run(GlassViewEventHandler.java:301) ~[javafx-graphics-21.0.6-mac.jar:?]
	at java.base/java.security.AccessController.doPrivileged(AccessController.java:400) ~[?:?]
	at javafx.graphics/com.sun.javafx.tk.quantum.GlassViewEventHandler.lambda$handleMouseEvent$2(GlassViewEventHandler.java:450) ~[javafx-graphics-21.0.6-mac.jar:?]
	at javafx.graphics/com.sun.javafx.tk.quantum.QuantumToolkit.runWithoutRenderLock(QuantumToolkit.java:424) ~[javafx-graphics-21.0.6-mac.jar:?]
	at javafx.graphics/com.sun.javafx.tk.quantum.GlassViewEventHandler.handleMouseEvent(GlassViewEventHandler.java:449) ~[javafx-graphics-21.0.6-mac.jar:?]
	at javafx.graphics/com.sun.glass.ui.View.handleMouseEvent(View.java:551) ~[javafx-graphics-21.0.6-mac.jar:?]
	at javafx.graphics/com.sun.glass.ui.View.notifyMouse(View.java:937) ~[javafx-graphics-21.0.6-mac.jar:?]
	at javafx.graphics/com.sun.glass.ui.mac.MacView.notifyMouse(MacView.java:127) ~[javafx-graphics-21.0.6-mac.jar:?]
Caused by: java.lang.IllegalArgumentException: Invalid URL or resource not found
	at javafx.graphics/javafx.scene.image.Image.validateUrl(Image.java:1122) ~[javafx-graphics-21.0.6-mac.jar:?]
	... 43 more
2025-03-21T14:13:06,318 [JavaFX Application Thread] ERROR priv.koishi.pmc.Utils.UiUtils - java.lang.NullPointerException: Cannot invoke "javafx.scene.Scene.getWindow()" because the return value of "javafx.scene.layout.AnchorPane.getScene()" is null
java.lang.NullPointerException: Cannot invoke "javafx.scene.Scene.getWindow()" because the return value of "javafx.scene.layout.AnchorPane.getScene()" is null
	at priv.koishi.pmc@1.2.0/priv.koishi.pmc.Controller.DetailController.lambda$initialize$0(DetailController.java:174) ~[classes/:?]
	at javafx.graphics/com.sun.javafx.application.PlatformImpl.lambda$runLater$10(PlatformImpl.java:456) ~[javafx-graphics-21.0.6-mac.jar:?]
	at java.base/java.security.AccessController.doPrivileged(AccessController.java:400) ~[?:?]
	at javafx.graphics/com.sun.javafx.application.PlatformImpl.lambda$runLater$11(PlatformImpl.java:455) ~[javafx-graphics-21.0.6-mac.jar:?]
	at javafx.graphics/com.sun.glass.ui.InvokeLaterDispatcher$Future.run(InvokeLaterDispatcher.java:95) ~[javafx-graphics-21.0.6-mac.jar:?]
	at javafx.graphics/com.sun.glass.ui.mac.MacApplication._enterNestedEventLoopImpl(Native Method) ~[javafx-graphics-21.0.6-mac.jar:?]
	at javafx.graphics/com.sun.glass.ui.mac.MacApplication._enterNestedEventLoop(MacApplication.java:168) ~[javafx-graphics-21.0.6-mac.jar:?]
	at javafx.graphics/com.sun.glass.ui.Application.enterNestedEventLoop(Application.java:515) ~[javafx-graphics-21.0.6-mac.jar:?]
	at javafx.graphics/com.sun.glass.ui.EventLoop.enter(EventLoop.java:107) ~[javafx-graphics-21.0.6-mac.jar:?]
	at javafx.graphics/com.sun.javafx.tk.quantum.QuantumToolkit.enterNestedEventLoop(QuantumToolkit.java:650) ~[javafx-graphics-21.0.6-mac.jar:?]
	at javafx.graphics/javafx.stage.Stage.showAndWait(Stage.java:469) ~[javafx-graphics-21.0.6-mac.jar:?]
	at javafx.controls/javafx.scene.control.HeavyweightDialog.showAndWait(HeavyweightDialog.java:162) ~[javafx-controls-21.0.6-mac.jar:?]
	at javafx.controls/javafx.scene.control.Dialog.showAndWait(Dialog.java:346) ~[javafx-controls-21.0.6-mac.jar:?]
	at priv.koishi.pmc@1.2.0/priv.koishi.pmc.Utils.UiUtils.showExceptionAlert(UiUtils.java:240) ~[classes/:?]
	at priv.koishi.pmc@1.2.0/priv.koishi.pmc.MainApplication.lambda$init$6(MainApplication.java:126) ~[classes/:?]
	at java.base/java.lang.ThreadGroup.uncaughtException(ThreadGroup.java:695) [?:?]
	at java.base/java.lang.ThreadGroup.uncaughtException(ThreadGroup.java:690) [?:?]
	at javafx.graphics/com.sun.glass.ui.Application.reportException(Application.java:457) [javafx-graphics-21.0.6-mac.jar:?]
2025-03-21T14:39:38,371 [JavaFX Application Thread] ERROR priv.koishi.pmc.Utils.UiUtils - java.lang.RuntimeException: java.lang.reflect.InvocationTargetException
java.lang.RuntimeException: java.lang.reflect.InvocationTargetException
	at javafx.fxml/javafx.fxml.FXMLLoader$MethodHandler.invoke(FXMLLoader.java:1858) ~[javafx-fxml-21.0.6-mac.jar:?]
	at javafx.fxml/javafx.fxml.FXMLLoader$ControllerMethodEventHandler.handle(FXMLLoader.java:1726) ~[javafx-fxml-21.0.6-mac.jar:?]
	at javafx.base/com.sun.javafx.event.CompositeEventHandler.dispatchBubblingEvent(CompositeEventHandler.java:86) ~[javafx-base-21.0.6-mac.jar:?]
	at javafx.base/com.sun.javafx.event.EventHandlerManager.dispatchBubblingEvent(EventHandlerManager.java:232) ~[javafx-base-21.0.6-mac.jar:?]
	at javafx.base/com.sun.javafx.event.EventHandlerManager.dispatchBubblingEvent(EventHandlerManager.java:189) ~[javafx-base-21.0.6-mac.jar:?]
	at javafx.base/com.sun.javafx.event.CompositeEventDispatcher.dispatchBubblingEvent(CompositeEventDispatcher.java:59) ~[javafx-base-21.0.6-mac.jar:?]
	at javafx.base/com.sun.javafx.event.BasicEventDispatcher.dispatchEvent(BasicEventDispatcher.java:58) ~[javafx-base-21.0.6-mac.jar:?]
	at javafx.base/com.sun.javafx.event.EventDispatchChainImpl.dispatchEvent(EventDispatchChainImpl.java:114) ~[javafx-base-21.0.6-mac.jar:?]
	at javafx.base/com.sun.javafx.event.BasicEventDispatcher.dispatchEvent(BasicEventDispatcher.java:56) ~[javafx-base-21.0.6-mac.jar:?]
	at javafx.base/com.sun.javafx.event.EventDispatchChainImpl.dispatchEvent(EventDispatchChainImpl.java:114) ~[javafx-base-21.0.6-mac.jar:?]
	at javafx.base/com.sun.javafx.event.BasicEventDispatcher.dispatchEvent(BasicEventDispatcher.java:56) ~[javafx-base-21.0.6-mac.jar:?]
	at javafx.base/com.sun.javafx.event.EventDispatchChainImpl.dispatchEvent(EventDispatchChainImpl.java:114) ~[javafx-base-21.0.6-mac.jar:?]
	at javafx.base/com.sun.javafx.event.BasicEventDispatcher.dispatchEvent(BasicEventDispatcher.java:56) ~[javafx-base-21.0.6-mac.jar:?]
	at javafx.base/com.sun.javafx.event.EventDispatchChainImpl.dispatchEvent(EventDispatchChainImpl.java:114) ~[javafx-base-21.0.6-mac.jar:?]
	at javafx.base/com.sun.javafx.event.BasicEventDispatcher.dispatchEvent(BasicEventDispatcher.java:56) ~[javafx-base-21.0.6-mac.jar:?]
	at javafx.base/com.sun.javafx.event.EventDispatchChainImpl.dispatchEvent(EventDispatchChainImpl.java:114) ~[javafx-base-21.0.6-mac.jar:?]
	at javafx.base/com.sun.javafx.event.BasicEventDispatcher.dispatchEvent(BasicEventDispatcher.java:56) ~[javafx-base-21.0.6-mac.jar:?]
	at javafx.base/com.sun.javafx.event.EventDispatchChainImpl.dispatchEvent(EventDispatchChainImpl.java:114) ~[javafx-base-21.0.6-mac.jar:?]
	at javafx.base/com.sun.javafx.event.EventUtil.fireEventImpl(EventUtil.java:74) ~[javafx-base-21.0.6-mac.jar:?]
	at javafx.base/com.sun.javafx.event.EventUtil.fireEvent(EventUtil.java:49) ~[javafx-base-21.0.6-mac.jar:?]
	at javafx.base/javafx.event.Event.fireEvent(Event.java:198) ~[javafx-base-21.0.6-mac.jar:?]
	at javafx.graphics/javafx.scene.Node.fireEvent(Node.java:8875) ~[javafx-graphics-21.0.6-mac.jar:?]
	at javafx.controls/javafx.scene.control.Button.fire(Button.java:203) ~[javafx-controls-21.0.6-mac.jar:?]
	at javafx.controls/com.sun.javafx.scene.control.behavior.ButtonBehavior.mouseReleased(ButtonBehavior.java:207) ~[javafx-controls-21.0.6-mac.jar:?]
	at javafx.controls/com.sun.javafx.scene.control.inputmap.InputMap.handle(InputMap.java:274) ~[javafx-controls-21.0.6-mac.jar:?]
	at javafx.base/com.sun.javafx.event.CompositeEventHandler$NormalEventHandlerRecord.handleBubblingEvent(CompositeEventHandler.java:247) ~[javafx-base-21.0.6-mac.jar:?]
	at javafx.base/com.sun.javafx.event.CompositeEventHandler.dispatchBubblingEvent(CompositeEventHandler.java:80) ~[javafx-base-21.0.6-mac.jar:?]
	at javafx.base/com.sun.javafx.event.EventHandlerManager.dispatchBubblingEvent(EventHandlerManager.java:232) ~[javafx-base-21.0.6-mac.jar:?]
	at javafx.base/com.sun.javafx.event.EventHandlerManager.dispatchBubblingEvent(EventHandlerManager.java:189) ~[javafx-base-21.0.6-mac.jar:?]
	at javafx.base/com.sun.javafx.event.CompositeEventDispatcher.dispatchBubblingEvent(CompositeEventDispatcher.java:59) ~[javafx-base-21.0.6-mac.jar:?]
	at javafx.base/com.sun.javafx.event.BasicEventDispatcher.dispatchEvent(BasicEventDispatcher.java:58) ~[javafx-base-21.0.6-mac.jar:?]
	at javafx.base/com.sun.javafx.event.EventDispatchChainImpl.dispatchEvent(EventDispatchChainImpl.java:114) ~[javafx-base-21.0.6-mac.jar:?]
	at javafx.base/com.sun.javafx.event.BasicEventDispatcher.dispatchEvent(BasicEventDispatcher.java:56) ~[javafx-base-21.0.6-mac.jar:?]
	at javafx.base/com.sun.javafx.event.EventDispatchChainImpl.dispatchEvent(EventDispatchChainImpl.java:114) ~[javafx-base-21.0.6-mac.jar:?]
	at javafx.base/com.sun.javafx.event.BasicEventDispatcher.dispatchEvent(BasicEventDispatcher.java:56) ~[javafx-base-21.0.6-mac.jar:?]
	at javafx.base/com.sun.javafx.event.EventDispatchChainImpl.dispatchEvent(EventDispatchChainImpl.java:114) ~[javafx-base-21.0.6-mac.jar:?]
	at javafx.base/com.sun.javafx.event.BasicEventDispatcher.dispatchEvent(BasicEventDispatcher.java:56) ~[javafx-base-21.0.6-mac.jar:?]
	at javafx.base/com.sun.javafx.event.EventDispatchChainImpl.dispatchEvent(EventDispatchChainImpl.java:114) ~[javafx-base-21.0.6-mac.jar:?]
	at javafx.base/com.sun.javafx.event.BasicEventDispatcher.dispatchEvent(BasicEventDispatcher.java:56) ~[javafx-base-21.0.6-mac.jar:?]
	at javafx.base/com.sun.javafx.event.EventDispatchChainImpl.dispatchEvent(EventDispatchChainImpl.java:114) ~[javafx-base-21.0.6-mac.jar:?]
	at javafx.base/com.sun.javafx.event.BasicEventDispatcher.dispatchEvent(BasicEventDispatcher.java:56) ~[javafx-base-21.0.6-mac.jar:?]
	at javafx.base/com.sun.javafx.event.EventDispatchChainImpl.dispatchEvent(EventDispatchChainImpl.java:114) ~[javafx-base-21.0.6-mac.jar:?]
	at javafx.base/com.sun.javafx.event.EventUtil.fireEventImpl(EventUtil.java:74) ~[javafx-base-21.0.6-mac.jar:?]
	at javafx.base/com.sun.javafx.event.EventUtil.fireEvent(EventUtil.java:54) ~[javafx-base-21.0.6-mac.jar:?]
	at javafx.base/javafx.event.Event.fireEvent(Event.java:198) ~[javafx-base-21.0.6-mac.jar:?]
	at javafx.graphics/javafx.scene.Scene$MouseHandler.process(Scene.java:3984) ~[javafx-graphics-21.0.6-mac.jar:?]
	at javafx.graphics/javafx.scene.Scene.processMouseEvent(Scene.java:1890) ~[javafx-graphics-21.0.6-mac.jar:?]
	at javafx.graphics/javafx.scene.Scene$ScenePeerListener.mouseEvent(Scene.java:2708) ~[javafx-graphics-21.0.6-mac.jar:?]
	at javafx.graphics/com.sun.javafx.tk.quantum.GlassViewEventHandler$MouseEventNotification.run(GlassViewEventHandler.java:411) ~[javafx-graphics-21.0.6-mac.jar:?]
	at javafx.graphics/com.sun.javafx.tk.quantum.GlassViewEventHandler$MouseEventNotification.run(GlassViewEventHandler.java:301) ~[javafx-graphics-21.0.6-mac.jar:?]
	at java.base/java.security.AccessController.doPrivileged(AccessController.java:400) ~[?:?]
	at javafx.graphics/com.sun.javafx.tk.quantum.GlassViewEventHandler.lambda$handleMouseEvent$2(GlassViewEventHandler.java:450) ~[javafx-graphics-21.0.6-mac.jar:?]
	at javafx.graphics/com.sun.javafx.tk.quantum.QuantumToolkit.runWithoutRenderLock(QuantumToolkit.java:424) ~[javafx-graphics-21.0.6-mac.jar:?]
	at javafx.graphics/com.sun.javafx.tk.quantum.GlassViewEventHandler.handleMouseEvent(GlassViewEventHandler.java:449) ~[javafx-graphics-21.0.6-mac.jar:?]
	at javafx.graphics/com.sun.glass.ui.View.handleMouseEvent(View.java:551) ~[javafx-graphics-21.0.6-mac.jar:?]
	at javafx.graphics/com.sun.glass.ui.View.notifyMouse(View.java:937) ~[javafx-graphics-21.0.6-mac.jar:?]
	at javafx.graphics/com.sun.glass.ui.mac.MacView.notifyMouse(MacView.java:127) ~[javafx-graphics-21.0.6-mac.jar:?]
Caused by: java.lang.reflect.InvocationTargetException
	at java.base/jdk.internal.reflect.DirectMethodHandleAccessor.invoke(DirectMethodHandleAccessor.java:118) ~[?:?]
	at java.base/java.lang.reflect.Method.invoke(Method.java:580) ~[?:?]
	at com.sun.javafx.reflect.Trampoline.invoke(MethodUtil.java:72) ~[javafx-base-21.0.6-mac.jar:?]
	at java.base/jdk.internal.reflect.DirectMethodHandleAccessor.invoke(DirectMethodHandleAccessor.java:103) ~[?:?]
	at java.base/java.lang.reflect.Method.invoke(Method.java:580) ~[?:?]
	at javafx.base/com.sun.javafx.reflect.MethodUtil.invoke(MethodUtil.java:270) ~[javafx-base-21.0.6-mac.jar:?]
	at javafx.fxml/com.sun.javafx.fxml.MethodHelper.invoke(MethodHelper.java:84) ~[javafx-fxml-21.0.6-mac.jar:?]
	at javafx.fxml/javafx.fxml.FXMLLoader$MethodHandler.invoke(FXMLLoader.java:1855) ~[javafx-fxml-21.0.6-mac.jar:?]
	... 56 more
Caused by: java.lang.RuntimeException: javafx.fxml.LoadException: Missing resource key.
/Users/applesaucepenguin/IdeaProjects/pmc/target/classes/priv/koishi/pmc/fxml/Detail-view.fxml:87

	at priv.koishi.pmc@1.2.0/priv.koishi.pmc.Controller.AutoClickController.showDetail(AutoClickController.java:420) ~[classes/:?]
	at priv.koishi.pmc@1.2.0/priv.koishi.pmc.Controller.AutoClickController.addClick(AutoClickController.java:1114) ~[classes/:?]
	at priv.koishi.pmc@1.2.0/priv.koishi.pmc.Controller.AutoClickController.addPosition(AutoClickController.java:1218) ~[classes/:?]
	at java.base/jdk.internal.reflect.DirectMethodHandleAccessor.invoke(DirectMethodHandleAccessor.java:103) ~[?:?]
	at java.base/java.lang.reflect.Method.invoke(Method.java:580) ~[?:?]
	at com.sun.javafx.reflect.Trampoline.invoke(MethodUtil.java:72) ~[javafx-base-21.0.6-mac.jar:?]
	at java.base/jdk.internal.reflect.DirectMethodHandleAccessor.invoke(DirectMethodHandleAccessor.java:103) ~[?:?]
	at java.base/java.lang.reflect.Method.invoke(Method.java:580) ~[?:?]
	at javafx.base/com.sun.javafx.reflect.MethodUtil.invoke(MethodUtil.java:270) ~[javafx-base-21.0.6-mac.jar:?]
	at javafx.fxml/com.sun.javafx.fxml.MethodHelper.invoke(MethodHelper.java:84) ~[javafx-fxml-21.0.6-mac.jar:?]
	at javafx.fxml/javafx.fxml.FXMLLoader$MethodHandler.invoke(FXMLLoader.java:1855) ~[javafx-fxml-21.0.6-mac.jar:?]
	... 56 more
Caused by: javafx.fxml.LoadException: Missing resource key.
/Users/applesaucepenguin/IdeaProjects/pmc/target/classes/priv/koishi/pmc/fxml/Detail-view.fxml:87

	at javafx.fxml/javafx.fxml.FXMLLoader.constructLoadException(FXMLLoader.java:2718) ~[javafx-fxml-21.0.6-mac.jar:?]
	at javafx.fxml/javafx.fxml.FXMLLoader$Element.resolvePrefixedValue(FXMLLoader.java:425) ~[javafx-fxml-21.0.6-mac.jar:?]
	at javafx.fxml/javafx.fxml.FXMLLoader$Element.processValue(FXMLLoader.java:375) ~[javafx-fxml-21.0.6-mac.jar:?]
	at javafx.fxml/javafx.fxml.FXMLLoader$Element.processPropertyAttribute(FXMLLoader.java:337) ~[javafx-fxml-21.0.6-mac.jar:?]
	at javafx.fxml/javafx.fxml.FXMLLoader$Element.processInstancePropertyAttributes(FXMLLoader.java:248) ~[javafx-fxml-21.0.6-mac.jar:?]
	at javafx.fxml/javafx.fxml.FXMLLoader$ValueElement.processEndElement(FXMLLoader.java:780) ~[javafx-fxml-21.0.6-mac.jar:?]
	at javafx.fxml/javafx.fxml.FXMLLoader.processEndElement(FXMLLoader.java:2969) ~[javafx-fxml-21.0.6-mac.jar:?]
	at javafx.fxml/javafx.fxml.FXMLLoader.loadImpl(FXMLLoader.java:2654) ~[javafx-fxml-21.0.6-mac.jar:?]
	at javafx.fxml/javafx.fxml.FXMLLoader.loadImpl(FXMLLoader.java:2563) ~[javafx-fxml-21.0.6-mac.jar:?]
	at javafx.fxml/javafx.fxml.FXMLLoader.load(FXMLLoader.java:2531) ~[javafx-fxml-21.0.6-mac.jar:?]
	at priv.koishi.pmc@1.2.0/priv.koishi.pmc.Controller.AutoClickController.showDetail(AutoClickController.java:418) ~[classes/:?]
	at priv.koishi.pmc@1.2.0/priv.koishi.pmc.Controller.AutoClickController.addClick(AutoClickController.java:1114) ~[classes/:?]
	at priv.koishi.pmc@1.2.0/priv.koishi.pmc.Controller.AutoClickController.addPosition(AutoClickController.java:1218) ~[classes/:?]
	at java.base/jdk.internal.reflect.DirectMethodHandleAccessor.invoke(DirectMethodHandleAccessor.java:103) ~[?:?]
	at java.base/java.lang.reflect.Method.invoke(Method.java:580) ~[?:?]
	at com.sun.javafx.reflect.Trampoline.invoke(MethodUtil.java:72) ~[javafx-base-21.0.6-mac.jar:?]
	at java.base/jdk.internal.reflect.DirectMethodHandleAccessor.invoke(DirectMethodHandleAccessor.java:103) ~[?:?]
	at java.base/java.lang.reflect.Method.invoke(Method.java:580) ~[?:?]
	at javafx.base/com.sun.javafx.reflect.MethodUtil.invoke(MethodUtil.java:270) ~[javafx-base-21.0.6-mac.jar:?]
	at javafx.fxml/com.sun.javafx.fxml.MethodHelper.invoke(MethodHelper.java:84) ~[javafx-fxml-21.0.6-mac.jar:?]
	at javafx.fxml/javafx.fxml.FXMLLoader$MethodHandler.invoke(FXMLLoader.java:1855) ~[javafx-fxml-21.0.6-mac.jar:?]
	... 56 more
